{"$message_type":"diagnostic","message":"linking with `cc` failed: exit status: 1","code":null,"level":"error","spans":[],"children":[{"message":"env -u IPHONEOS_DEPLOYMENT_TARGET -u TVOS_DEPLOYMENT_TARGET -u XROS_DEPLOYMENT_TARGET LC_ALL=\"C\" PATH=\"/Users/3091312/.rustup/toolchains/nightly-aarch64-apple-darwin/lib/rustlib/aarch64-apple-darwin/bin:/usr/local/bin:/System/Cryptexes/App/usr/bin:/usr/bin:/bin:/usr/sbin:/sbin:/var/run/com.apple.security.cryptexd/codex.system/bootstrap/usr/local/bin:/var/run/com.apple.security.cryptexd/codex.system/bootstrap/usr/bin:/var/run/com.apple.security.cryptexd/codex.system/bootstrap/usr/appleinternal/bin:/Library/Frameworks/Mono.framework/Versions/Current/Commands:/Users/3091312/.codon/bin:/Users/3091312/.docker/bin:/Users/3091312/Applications/Visual Studio Code - Insiders.app/Contents/Resources/app/bin:/Users/3091312/tools:/System/Library/Frameworks/JavaScriptCore.framework/Versions/Current/Helpers/:/Users/3091312/homebrew/opt/qt@5/bin:/Users/3091312/.flutter/bin:/Users/3091312/homebrew/opt/node@18/bin:/Users/3091312/homebrew/opt/make/libexec/gnubin:/Users/3091312/bin:/Users/3091312/homebrew/bin:/Users/3091312/Applications/Postgres.app/Contents/Versions/14/bin:/Users/3091312/.cargo/bin:/Users/3091312/Library/Application Support/JetBrains/Toolbox/scripts:/Users/3091312/Library/Application Support/JetBrains/Toolbox/scripts\" VSLANG=\"1033\" ZERO_AR_DATE=\"1\" \"cc\" \"-arch\" \"arm64\" \"/var/folders/1v/1lt73hcs33x2w5mwjv4pz5287c6g8w/T/rustcVoa5YY/symbols.o\" \"/Users/3091312/Documents/Programming Stuff/novos/kernel/target/debug/deps/kernel-15528c5883482dd8.42rgiz0sjsb58vyu5a86vgqd9.rcgu.o\" \"-L\" \"/Users/3091312/Documents/Programming Stuff/novos/kernel/target/debug/deps\" \"-L\" \"/Users/3091312/.rustup/toolchains/nightly-aarch64-apple-darwin/lib/rustlib/aarch64-apple-darwin/lib\" \"/Users/3091312/.rustup/toolchains/nightly-aarch64-apple-darwin/lib/rustlib/aarch64-apple-darwin/lib/librustc_std_workspace_core-433a325e99d4092f.rlib\" \"/Users/3091312/.rustup/toolchains/nightly-aarch64-apple-darwin/lib/rustlib/aarch64-apple-darwin/lib/libcore-4b44a1965098f9de.rlib\" \"/Users/3091312/.rustup/toolchains/nightly-aarch64-apple-darwin/lib/rustlib/aarch64-apple-darwin/lib/libcompiler_builtins-eda85973848546cb.rlib\" \"-L\" \"/Users/3091312/.rustup/toolchains/nightly-aarch64-apple-darwin/lib/rustlib/aarch64-apple-darwin/lib\" \"-o\" \"/Users/3091312/Documents/Programming Stuff/novos/kernel/target/debug/deps/kernel-15528c5883482dd8\" \"-Wl,-dead_strip\" \"-nodefaultlibs\"","code":null,"level":"note","spans":[],"children":[],"rendered":null},{"message":"Undefined symbols for architecture arm64:\n  \"_main\", referenced from:\n      <initial-undefines>\nld: symbol(s) not found for architecture arm64\nclang: error: linker command failed with exit code 1 (use -v to see invocation)\n","code":null,"level":"note","spans":[],"children":[],"rendered":null}],"rendered":"\u001b[0m\u001b[1m\u001b[38;5;9merror\u001b[0m\u001b[0m\u001b[1m: linking with `cc` failed: exit status: 1\u001b[0m\n\u001b[0m  \u001b[0m\u001b[0m\u001b[1m\u001b[38;5;12m|\u001b[0m\n\u001b[0m  \u001b[0m\u001b[0m\u001b[1m\u001b[38;5;12m= \u001b[0m\u001b[0m\u001b[1mnote\u001b[0m\u001b[0m: env -u IPHONEOS_DEPLOYMENT_TARGET -u TVOS_DEPLOYMENT_TARGET -u XROS_DEPLOYMENT_TARGET LC_ALL=\"C\" PATH=\"/Users/3091312/.rustup/toolchains/nightly-aarch64-apple-darwin/lib/rustlib/aarch64-apple-darwin/bin:/usr/local/bin:/System/Cryptexes/App/usr/bin:/usr/bin:/bin:/usr/sbin:/sbin:/var/run/com.apple.security.cryptexd/codex.system/bootstrap/usr/local/bin:/var/run/com.apple.security.cryptexd/codex.system/bootstrap/usr/bin:/var/run/com.apple.security.cryptexd/codex.system/bootstrap/usr/appleinternal/bin:/Library/Frameworks/Mono.framework/Versions/Current/Commands:/Users/3091312/.codon/bin:/Users/3091312/.docker/bin:/Users/3091312/Applications/Visual Studio Code - Insiders.app/Contents/Resources/app/bin:/Users/3091312/tools:/System/Library/Frameworks/JavaScriptCore.framework/Versions/Current/Helpers/:/Users/3091312/homebrew/opt/qt@5/bin:/Users/3091312/.flutter/bin:/Users/3091312/homebrew/opt/node@18/bin:/Users/3091312/homebrew/opt/make/libexec/gnubin:/Users/3091312/bin:/Users/3091312/homebrew/bin:/Users/3091312/Applications/Postgres.app/Contents/Versions/14/bin:/Users/3091312/.cargo/bin:/Users/3091312/Library/Application Support/JetBrains/Toolbox/scripts:/Users/3091312/Library/Application Support/JetBrains/Toolbox/scripts\" VSLANG=\"1033\" ZERO_AR_DATE=\"1\" \"cc\" \"-arch\" \"arm64\" \"/var/folders/1v/1lt73hcs33x2w5mwjv4pz5287c6g8w/T/rustcVoa5YY/symbols.o\" \"/Users/3091312/Documents/Programming Stuff/novos/kernel/target/debug/deps/kernel-15528c5883482dd8.42rgiz0sjsb58vyu5a86vgqd9.rcgu.o\" \"-L\" \"/Users/3091312/Documents/Programming Stuff/novos/kernel/target/debug/deps\" \"-L\" \"/Users/3091312/.rustup/toolchains/nightly-aarch64-apple-darwin/lib/rustlib/aarch64-apple-darwin/lib\" \"/Users/3091312/.rustup/toolchains/nightly-aarch64-apple-darwin/lib/rustlib/aarch64-apple-darwin/lib/librustc_std_workspace_core-433a325e99d4092f.rlib\" \"/Users/3091312/.rustup/toolchains/nightly-aarch64-apple-darwin/lib/rustlib/aarch64-apple-darwin/lib/libcore-4b44a1965098f9de.rlib\" \"/Users/3091312/.rustup/toolchains/nightly-aarch64-apple-darwin/lib/rustlib/aarch64-apple-darwin/lib/libcompiler_builtins-eda85973848546cb.rlib\" \"-L\" \"/Users/3091312/.rustup/toolchains/nightly-aarch64-apple-darwin/lib/rustlib/aarch64-apple-darwin/lib\" \"-o\" \"/Users/3091312/Documents/Programming Stuff/novos/kernel/target/debug/deps/kernel-15528c5883482dd8\" \"-Wl,-dead_strip\" \"-nodefaultlibs\"\u001b[0m\n\u001b[0m  \u001b[0m\u001b[0m\u001b[1m\u001b[38;5;12m= \u001b[0m\u001b[0m\u001b[1mnote\u001b[0m\u001b[0m: Undefined symbols for architecture arm64:\u001b[0m\n\u001b[0m            \"_main\", referenced from:\u001b[0m\n\u001b[0m                <initial-undefines>\u001b[0m\n\u001b[0m          ld: symbol(s) not found for architecture arm64\u001b[0m\n\u001b[0m          clang: error: linker command failed with exit code 1 (use -v to see invocation)\u001b[0m\n\u001b[0m          \u001b[0m\n\n"}
{"$message_type":"diagnostic","message":"aborting due to 1 previous error","code":null,"level":"error","spans":[],"children":[],"rendered":"\u001b[0m\u001b[1m\u001b[38;5;9merror\u001b[0m\u001b[0m\u001b[1m: aborting due to 1 previous error\u001b[0m\n\n"}
